<?xml version="1.0" encoding="UTF-8"?>
<!-- Generated by org.testng.reporters.JUnitReportReporter -->
<testsuite hostname="DESKTOP-F3M6711" failures="0" tests="3" name="TestNG.DataProviderTest" time="24.811" errors="0" timestamp="2026-03-03T08:16:46 IST" skipped="0">
  <testcase classname="TestNG.DataProviderTest" name="accesslevelloginTests" time="7.071"/>
  <system-out/>
  <testcase classname="TestNG.DataProviderTest" name="accesslevelloginTests" time="11.950"/>
  <system-out/>
  <testcase classname="TestNG.DataProviderTest" name="accesslevelloginTests" time="5.790"/>
  <system-out/>
</testsuite> <!-- TestNG.DataProviderTest -->
