<?xml version="1.0" encoding="UTF-8"?>
<!-- Generated by org.testng.reporters.JUnitReportReporter -->
<testsuite hostname="DESKTOP-F3M6711" failures="0" tests="2" name="TestNG.annotationsTest" time="0.022" errors="0" timestamp="2026-02-28T10:33:51 IST" skipped="0">
  <testcase classname="TestNG.annotationsTest" name="testclass2" time="0.008"/>
  <system-out/>
  <testcase classname="TestNG.annotationsTest" name="testclass1" time="0.014"/>
  <system-out/>
</testsuite> <!-- TestNG.annotationsTest -->
