<?xml version="1.0" encoding="UTF-8"?>
<!-- Generated by org.testng.reporters.JUnitReportReporter -->
<testsuite hostname="DESKTOP-F3M6711" failures="0" tests="2" name="seleniumTests.saucelabLoginTest" time="2.373" errors="0" timestamp="2026-03-14T13:33:44 IST" skipped="0">
  <testcase classname="seleniumTests.saucelabLoginTest" name="loginTest" time="2.366"/>
  <system-out/>
  <testcase classname="seleniumTests.saucelabLoginTest" name="sampletest1" time="0.007"/>
  <system-out/>
</testsuite> <!-- seleniumTests.saucelabLoginTest -->
