<?xml version="1.0" encoding="UTF-8"?>
<!-- Generated by org.testng.reporters.JUnitReportReporter -->
<testsuite hostname="DESKTOP-F3M6711" failures="0" tests="5" name="TestNG.invocationcount" time="0.025" errors="0" timestamp="2026-02-28T11:40:18 IST" skipped="0">
  <testcase classname="TestNG.invocationcount" name="invocationcount1" time="0.002"/>
  <system-out/>
  <testcase classname="TestNG.invocationcount" name="invocationcount" time="0.002"/>
  <system-out/>
  <testcase classname="TestNG.invocationcount" name="invocationcount" time="0.015"/>
  <system-out/>
  <testcase classname="TestNG.invocationcount" name="invocationcount" time="0.004"/>
  <system-out/>
  <testcase classname="TestNG.invocationcount" name="invocationcount" time="0.002"/>
  <system-out/>
</testsuite> <!-- TestNG.invocationcount -->
